<?xml version="1.0" encoding="UTF-8"?>
<testsuite name="CalculadoraTest" tests="2" skipped="0" failures="0" errors="0" timestamp="2025-06-19T17:43:44" hostname="PC-DO-GUIZIM" time="0.021">
  <properties/>
  <testcase name="testSubtrair()" classname="CalculadoraTest" time="0.019"/>
  <testcase name="testSoma()" classname="CalculadoraTest" time="0.001"/>
  <system-out><![CDATA[]]></system-out>
  <system-err><![CDATA[]]></system-err>
</testsuite>
